  675  rm 2019-01.txt
  676  rm 2019-02.txt
  678  rm 2019-04.txt
  680  rm 2019-03.txt
  682  uniq -c 2019-01.csv
  683  uniq -c -10 2019-01.csv
  684  head -10 2019-01.csv
  685  wc -l 2019-01.csv
  686  cp 2019-01.csv 01.txt
  687  head -10 01.txt
  688  sort 01.txt
  689  grep -c 1.0 01.txt
  690  wc -l 01.txt
  691  head -10 01.txt
  692  head -100 01.txt
  693  egrep [A-Z],...... 01.txt > 01new.txt
  694  head -100 01new.txt
  695  rm 01new.txt
  698  grep -c ,151.0, 01.txt
  701  vim results.txt
  702  grep -c ,151.0, 01.txt >> results.txt
  703  vim results.txt
  704  head -10 01.txt
  705  vim results.txt
  706  grep -c ,239.0, 01.txt
  707  grep -c ,239.0, 01.txt >> results.txt
  708  vim results.txt
  709  grep -c ,236.0, 01.txt >> results.txt
  710  vim results.txt
  711  grep -c ,193.0, 01.txt >> results.txt
  712  vim results.txt
  713  grep -c ,163.0, 01.txt >> results.txt
  714  vim results.txt
  715  grep -c ,229.0, 01.txt >> results.txt
  716  vim results.txt
  717  grep -c  -vwe ,151.0, 01.txt
  718  wc -l 01.txt
  719  grep -vwec ,151.0, 01.txt
  721  grep -vw -e -c ,151.0, 01.txt
  723  head -25 01.txt
  724  vim results.txt
  725  grep -c ,141.0, 01.txt
  726  grep -c ,141.0, 01.txt >> results.txt
  727  vim results.txt
  728  grep -c ,246.0, 01.txt >> results.txt
  729  vim results.txt
  730  grep -c ,238.0, 01.txt >> results.txt
  731  vim results.txt
  732  grep -c ,224.0, 01.txt >> results.txt
  733  vim results.txt
  734  grep -c ,170.0, 01.txt >> results.txt
  735  vim results.txt
  736  grep -c ,107.0, 01.txt >> results.txt
  737  vim results.txt
  738  grep -c -o ,.{3,4}, 01.txt
  739  grep -c -o ",.{3,4}", 01.txt
  740  grep -c -o ",.{3,4}," 01.txt
  741  grep -c -o ",....," 01.txt
  742  grep uniq -c 01.txt
  743  uniq -c 01.txt
  745  uniq -u 01.txt
  746  grep -o "[A-Z],....." >> onlyLocations.txt
  747  grep -o "[A-Z],....." 01.txt >> onlyLocations.txt
  749  head onlyLocations.txt
  750  head -100 onlyLocations.txt
  751  wc -l onlyLocations.txt
  752  grep "[0-9][0-9][0-9]" onlyLocations.txt
  753  grep -o -m 10  "[0-9][0-9][0-9]" onlyLocations.txt
  754  grep -o "[0-9][0-9][0-9]" onlyLocations.txt>> onlyLocations2.txt
  755  head onlyLocations2.txt
  756  sort onlyLocations2.txt
  757  head onlyLocations2.txt
  758  uniq onlyLocations2.txt
  759  uniq -c onlyLocations2.txt
  761  head onlyLocations2.txt
  762  grep .. onlyLocations2.txt
  763  grep ".." onlyLocations2.txt
  764  grep -o -f "[A-Z],....." 01.txt | sort -u
  766  grep -of "[A-Z],....." 01.txt | sort -u
  767  grep -of "[A-Z],....." 01.txt
  768  egrep -of "[A-Z],....." 01.txt
  769  head onlyLocations
  770  head onlyLocations.txt
  771  grep -o "[1-9][1-9][1-9]" onlyLocations.txt >> loc.txt
  772  head loc.txt
  773  wc -l loc.txt
  774  uniq loc.txt
  775  wc -l loc.txt
  776  sort loc.txt
  777  uniq loc.txt
  778  head loc.txt
  779  sort loc.txt >> sortedloc.txt
  780  wc -l sortedloc.txt
  781  head sortedloc.txr
  782  head sortedloc.txt
  783  uniq sortedloc.txt
  784  grep -o "[A-Z],...," 01.txt >> locations.txt
  785  wc -l locations.txt
  786  head locations.txt
  787  grep -o "[A-Z],....," 01.txt >> locations.txt
  788  grep -o "[A-Z],.....," 01.txt >> locations.txt
  789  wc -l locations.txt
  790  head locations.txt
  791  grep -o "...," locations.txt >> locations2.txt
  792  head locations2.txt
  793  head -10 locations.txt >> test.txt
  794  cat test.txt
  795  sort test.txt
  796  sort locations.txt
  797  head locations.txt
  798  grep -o ",.*," locations.txt >> nums.txt
  799  sort nums.txt >> sortednums.txt
  800  head sortednums.txt
  801  tail sortednums.txt
  802  tail locaions.txt
  803  tail locations.txt
  804  tail nums.txt
  805  rm sortednums.txt
  806  sort nums.txt > sortednums.txt
  807  tail sortednums.txt
  808  grep -c ",.....," sortednums.txt
  809  grep -c -m 10 ",......," sortednums.txt
  810  grep -c -m 10 ",.....," sortednums.txt
  811  grep -m 10 ",.....," sortednums.txt
  812  uniq -c sortednums.txt > test.txt
  813  head test.txt
  814  wc -l test.txt
  815  cat test.txt
  816  sort test.txt >> test2.txt
  817  cat test2.txt
  818  sort test.txt > test2.txt
  819  cat test2.txt
  820  grep -o "^........" test2.txt > counts.txt
  824  cat test2.txt
  825  grep -o "^ [1-9]" test2.txt > test3.txt
  826  cat test3.txt
  827  grep -o "^ [1-9]*" test2.txt > test3.txt
  828  cat test3.txt
  829  grep "^ [1-9]" test2.txt > test3.txt
  830  cat tets3.txt
  831  cat test3.txt
  832  tail -3 test3.txt
  833  tail -3 test3.txt > 01top3.txt
  834  cat 01top3.txt
  835  head 2019-02.csv
  836  grep -o "[A-Z],....." 2019-02.csv > numsfor02.txt
  837  head numsfor02.txt
  839  cat test3.txt
  840  head numsfor02.txt > test5.txt
  841  cat test5.txt
  842  sort test5.txt
  843  grep -o "[0-9].*" test5.txt > test6.txt
  844  cat test6.txt
  845  sort test6.txt
  846  grep -o "[^,]" test5.txt > test6.txt
  847  cat test6.txt
  848  cat test5.txt
  850  wc -l test6.txt
  851  grep -o "[0-9][0-9][0-9]\.[0-9]" numsfor02.txt > onlynumsof2.txt
  852  head onlynumesof2.txt
  853  head onlynumsof2.txt
  854  grep -o "[0-9][0-9]\.[0-9]" numsfor02.txt > onlynumsof2.txt
  855  grep -o "[0-9][0-9][0-9]\.[0-9]" numsfor02.txt >> onlynumsof2.txt
  856  grep -o "[0-9]\.0" numsfor02.txt >> onlynumsof2.txt
  857  wc -l onlynumsof2.txt
  858  grep -o ",.*" numsfor02.txt > onlynumsof2.txt
  859  head onlynumsof2.txt
  860  grep -o "\d*\.0" onlynumsof2.txt > justnums2.txt
  861  head justnums2.txt
  862  head -100 justnums2.txt
  864  rm justnums2.txt
  866  head onlynumsof2.txt
  867  sort onlynumsof2.txt > sort2.txt
  868  head sort2.txt
  869  tail sort2.txt
  870  grep ".....," sort2.txt
  871  grep ".....\," sort2.txt
  872  grep ",.....," sort2.txt
  873  grep "\,.....\," sort2.txt
  875  head sort2.txt
  876  head numsfor2.txt
  877  tail numsfor2.txt
  878  head loc.txt
  879  head sort2.txt
  880  tail sort2.txt
  881  wc -l sort2.txt
  882  uniq -c sort2.txt
  883  grep -o "^ [0-9]" sort2.txt > bignums2.txt
  885  uniq -c sort2.txt > sort3.txt
  886  grep -o "^ [0-9]" sort3.txt > bignums2.txt
  887  cat bignums2.txt
  888  grep  "^ [0-9]" sort3.txt > bignums2.txt
  889  cat bignums2.txt
  890  sort bignums2.txt
  891  tail -3 bignums2.txt > 02top3.txt
  892  cat 02top3.txt
  893  sort bignums2.txt > bignums2sort.txt
  894  tail -3 bignums2sort.txt > 02top3.txt
  895  cat 02top3.txt
  904  mkdir ws3
  906  cd ws3
  912  mv /mnt/scratch/leonardo23fa/taxidata/01top3.txt /mnt/scratch/leonardo23fa/cs131/ws3/
  916  mv /mnt/scratch/leonardo23fa/taxidata/02top3.txt /mnt/scratch/leonardo23fa/cs131/ws3/
  918  touch cmds.log
  921  history > temp.txt
